OMPL version 
Experiment NO_NAME
0 experiment properties
Running on lorenzo-VirtualBox
Starting at 2022-01-26 19:42:49
<<<|
Properties of the state space 'CompoundSpace5'
  - signature: 12 0 5 4 3 1 2 2 1 2 1 2 1 
  - dimension: 5
  - extent: 11.6269
  - sanity checks for state space passed
  - probability of valid states: 0.019
  - average length of a valid motion: 0.846125
  - average number of samples drawn per second: sampleUniform()=1.04998e+07 sampleUniformNear()=8.81671e+06 sampleGaussian()=4.74179e+06
Settings for the state space 'CompoundSpace5'
  - state validity check resolution: 1%
  - valid segment count factor: 1
  - state space:
Compound state space 'CompoundSpace5' of dimension 5 [
Compound state space 'SE2CompoundSpace0' of dimension 3 (locked) [
Real vector state space 'RealVectorSpace1' of dimension 2 with bounds: 
  - min: -3 -3 
  - max: 3 3 
 of weight 1
SO2 state space 'SO2Space2'
 of weight 0.5
]
Registered projections:
  - <default>
Projection of dimension 2
Cell sizes (computed defaults): [0.3 0.3]
 of weight 1
SO2 state space 'SO2Space3'
 of weight 0.5
SO2 state space 'SO2Space4'
 of weight 0
]
No registered projections

Declared parameters:
longest_valid_segment_fraction = 0.01
max_control_duration = 10
min_control_duration = 1
propagation_step_size = 0.1
valid_segment_count_factor = 1
Valid state sampler named uniform with parameters:
nr_attempts = 100
  - control space:
Compound control space 'Control[CompoundSpace5]' [
Discrete control space 'DiscreteControl[CompoundSpace5]' with bounds [-2, 2]
Discrete control space 'DiscreteControl[CompoundSpace5]' with bounds [-5, 5]
]
  - can propagate backward: yes
  - propagation step size: 0.1
  - propagation duration: [1, 10]
Planner SST specs:
Multithreaded:                 No
Reports approximate solutions: Yes
Can optimize solutions:        No
Aware of the following parameters: goal_bias pruning_radius selection_radius
Declared parameters for planner SST:
goal_bias = 0.3
pruning_radius = 0.1
selection_radius = 0.2
Start states:
Compound state [
Compound state [
RealVectorState [-2 -2]
SO2State [0.523599]
]
SO2State [0]
SO2State [0]
]
Goal state, threshold = 0.25, memory address = 0x55adcd7e2f20, state = 
Compound state [
Compound state [
RealVectorState [-2.1 1.5]
SO2State [2.74889]
]
SO2State [0]
SO2State [0]
]
Optimization Objective:  @0x55adcd7e6850
Optimization Threshold: 1000
Average state cost: 0
There are 0 solutions

Properties of benchmarked planners:
Planner SST specs:
Multithreaded:                 No
Reports approximate solutions: Yes
Can optimize solutions:        No
Aware of the following parameters: goal_bias pruning_radius selection_radius
|>>>
<<<|
Architecture:                    x86_64
CPU op-mode(s):                  32-bit, 64-bit
Byte Order:                      Little Endian
Address sizes:                   39 bits physical, 48 bits virtual
CPU(s):                          1
On-line CPU(s) list:             0
Thread(s) per core:              1
Core(s) per socket:              1
Socket(s):                       1
NUMA node(s):                    1
Vendor ID:                       GenuineIntel
CPU family:                      6
Model:                           142
Model name:                      Intel(R) Core(TM) i7-8565U CPU @ 1.80GHz
Stepping:                        12
CPU MHz:                         1992.004
BogoMIPS:                        3984.00
Hypervisor vendor:               KVM
Virtualization type:             full
L1d cache:                       32 KiB
L1i cache:                       32 KiB
L2 cache:                        256 KiB
L3 cache:                        8 MiB
NUMA node0 CPU(s):               0
Vulnerability Itlb multihit:     KVM: Mitigation: VMX unsupported
Vulnerability L1tf:              Not affected
Vulnerability Mds:               Not affected
Vulnerability Meltdown:          Not affected
Vulnerability Spec store bypass: Vulnerable
Vulnerability Spectre v1:        Mitigation; usercopy/swapgs barriers and __user pointer sanitization
Vulnerability Spectre v2:        Mitigation; Full generic retpoline, STIBP disabled, RSB filling
Vulnerability Srbds:             Mitigation; TSX disabled
Vulnerability Tsx async abort:   Not affected
Flags:                           fpu vme de pse tsc msr pae mce cx8 apic sep mtrr pge mca cmov pat pse36 clflush mmx fxsr sse sse2 ht syscall nx rdtscp lm constant_tsc rep_good nopl xtopology nonstop_tsc cpuid tsc_known_freq pni pclmulqdq monitor ssse3 cx16 pcid sse4_1 sse4_2 x2apic movbe popcnt aes xsave avx rdrand hypervisor lahf_lm abm 3dnowprefetch invpcid_single fsgsbase avx2 invpcid rdseed clflushopt md_clear flush_l1d arch_capabilities
|>>>
10866594606792650 is the random seed
45 seconds per run
10000 MB per run
50 runs per planner
608.616 seconds spent to collect the data
1 enum type
status|Unknown status|Invalid start|Invalid goal|Unrecognized goal type|Timeout|Approximate solution|Exact solution|Crash|Unknown status
1 planners
control_SST
8 common properties
goal_bias = 0.3
longest_valid_segment_fraction = 0.01
max_control_duration = 10
min_control_duration = 1
propagation_step_size = 0.1
pruning_radius = 0.1
selection_radius = 0.2
valid_segment_count_factor = 1
13 properties for each run
approximate solution BOOLEAN
correct solution BOOLEAN
graph motions INTEGER
graph states INTEGER
memory REAL
solution clearance REAL
solution difference REAL
solution length REAL
solution segments INTEGER
solved BOOLEAN
status ENUM
time REAL
valid segment fraction REAL
50 runs
0; 1; 12051; 12053; 20.9258; 0; 0; 16.8; 35; 1; 6; 25.9898; 0; 
0; 1; 1422; 1424; 24.8398; 0; 0; 33.6; 58; 1; 6; 2.90498; 0; 
1; 1; 15674; 15676; 28.9609; 0; 1.11471; 48; 89; 0; 5; 45.0114; 0; 
1; 1; 16082; 16084; 34.543; 0; 0.32622; 44; 72; 0; 5; 45.0461; 0; 
0; 1; 3970; 3972; 42.793; 0; 0; 45; 76; 1; 6; 8.54997; 0; 
0; 1; 133; 135; 42.793; 0; 0; 17.2; 30; 1; 6; 0.122657; 0; 
0; 1; 331; 333; 42.793; 0; 0; 22.9; 47; 1; 6; 0.455894; 0; 
0; 1; 4099; 4101; 42.793; 0; 0; 42; 72; 1; 6; 8.18783; 0; 
0; 1; 1084; 1086; 42.793; 0; 0; 29.2; 52; 1; 6; 1.57389; 0; 
1; 1; 14711; 14713; 42.793; 0; 0.645005; 55.3; 95; 0; 5; 45.1488; 0; 
0; 1; 1616; 1618; 50.2695; 0; 0; 43; 74; 1; 6; 2.43828; 0; 
0; 1; 10012; 10014; 50.2695; 0; 0; 21.5; 40; 1; 6; 24.2979; 0; 
0; 1; 1936; 1938; 50.5273; 0; 0; 44.1; 79; 1; 6; 3.20437; 0; 
0; 1; 9963; 9965; 50.5273; 0; 0; 48.2; 80; 1; 6; 23.5846; 0; 
0; 1; 13389; 13391; 54.6523; 0; 0; 41.5; 67; 1; 6; 34.7411; 0; 
0; 1; 3681; 3683; 60.3242; 0; 0; 57.3; 95; 1; 6; 9.08194; 0; 
0; 1; 1253; 1255; 60.3242; 0; 0; 32.7; 55; 1; 6; 2.40579; 0; 
0; 1; 3323; 3325; 60.3242; 0; 0; 45.9; 80; 1; 6; 7.08822; 0; 
0; 1; 1150; 1152; 60.3242; 0; 0; 33.2; 61; 1; 6; 1.6091; 0; 
0; 1; 463; 465; 60.3242; 0; 0; 29.8; 54; 1; 6; 0.486939; 0; 
0; 1; 3568; 3570; 60.3242; 0; 0; 31.2; 55; 1; 6; 6.66524; 0; 
0; 1; 9280; 9282; 60.3242; 0; 0; 43.9; 76; 1; 6; 21.6982; 0; 
0; 1; 3250; 3252; 65.7383; 0; 0; 43.4; 80; 1; 6; 5.54724; 0; 
0; 1; 4064; 4066; 65.7383; 0; 0; 39.1; 66; 1; 6; 7.97336; 0; 
0; 1; 1005; 1007; 65.7383; 0; 0; 38.1; 70; 1; 6; 1.35858; 0; 
0; 1; 3460; 3462; 65.7383; 0; 0; 40; 72; 1; 6; 6.44365; 0; 
0; 1; 6368; 6370; 66.2539; 0; 0; 41.8; 75; 1; 6; 13.6858; 0; 
0; 1; 2324; 2326; 67.0273; 0; 0; 45.6; 77; 1; 6; 4.52563; 0; 
0; 1; 8866; 8868; 68.832; 0; 0; 21.9; 43; 1; 6; 18.6036; 0; 
0; 1; 596; 598; 73.2148; 0; 0; 21.9; 41; 1; 6; 0.741237; 0; 
0; 1; 4365; 4367; 73.2148; 0; 0; 40.5; 76; 1; 6; 9.55875; 0; 
0; 1; 10148; 10150; 74.5039; 0; 0; 35.4; 57; 1; 6; 23.935; 0; 
0; 1; 3958; 3960; 80.6914; 0; 0; 14.4; 29; 1; 6; 8.65997; 0; 
0; 1; 1444; 1446; 80.6914; 0; 0; 34.6; 57; 1; 6; 2.06512; 0; 
0; 1; 1583; 1585; 80.6914; 0; 0; 31.3; 54; 1; 6; 2.50775; 0; 
0; 1; 6070; 6072; 80.6914; 0; 0; 39.8; 77; 1; 6; 13.984; 0; 
0; 1; 5373; 5375; 80.6914; 0; 0; 21.3; 35; 1; 6; 11.1577; 0; 
0; 1; 1093; 1095; 80.9492; 0; 0; 27.8; 54; 1; 6; 1.48819; 0; 
0; 1; 5654; 5656; 80.9492; 0; 0; 31.2; 51; 1; 6; 10.992; 0; 
0; 1; 6731; 6733; 83.5273; 0; 0; 39; 64; 1; 6; 14.7799; 0; 
0; 1; 2119; 2121; 86.8789; 0; 0; 33.3; 60; 1; 6; 3.71364; 0; 
1; 1; 16178; 16180; 94.3555; 0; 0.543558; 42.6; 79; 0; 5; 45.1523; 0; 
0; 1; 5866; 5868; 102.863; 0; 0; 21.5; 37; 1; 6; 13.8183; 0; 
0; 1; 798; 800; 102.863; 0; 0; 15.3; 29; 1; 6; 1.17554; 0; 
0; 1; 5599; 5601; 102.863; 0; 0; 44.4; 76; 1; 6; 12.1888; 0; 
0; 1; 517; 519; 102.863; 0; 0; 30.3; 52; 1; 6; 0.569103; 0; 
0; 1; 8630; 8632; 102.863; 0; 0; 42.2; 70; 1; 6; 20.2995; 0; 
0; 1; 8030; 8032; 103.379; 0; 0; 33.9; 64; 1; 6; 16.747; 0; 
0; 1; 5491; 5493; 104.926; 0; 0; 45.2; 82; 1; 6; 11.1483; 0; 
0; 1; 1607; 1609; 104.926; 0; 0; 24.7; 47; 1; 6; 2.55359; 0; 
.
